#! /c/Source/iverilog-install/bin/vvp
:ivl_version "12.0 (devel)" "(s20150603-1539-g2693dd32b)";
:ivl_delay_selection "TYPICAL";
:vpi_time_precision - 12;
:vpi_module "C:\iverilog\lib\ivl\system.vpi";
:vpi_module "C:\iverilog\lib\ivl\vhdl_sys.vpi";
:vpi_module "C:\iverilog\lib\ivl\vhdl_textio.vpi";
:vpi_module "C:\iverilog\lib\ivl\v2005_math.vpi";
:vpi_module "C:\iverilog\lib\ivl\va_math.vpi";
S_0000012cb93f2ce0 .scope module, "ADC" "ADC" 2 6;
 .timescale -9 -12;
    .port_info 0 /INPUT 1 "req";
    .port_info 1 /INPUT 1 "rst";
    .port_info 2 /OUTPUT 1 "rdy";
    .port_info 3 /OUTPUT 8 "dat";
v0000012cb93f3320 .array "adc_data", 15 0, 0 7;
v0000012cb93dbcd0_0 .var "dat", 7 0;
v0000012cb93dbd70_0 .var "idx", 7 0;
v0000012cb93f2e70_0 .var "rdy", 0 0;
o0000012cb9428048 .functor BUFZ 1, C4<z>; HiZ drive
v0000012cb93f2f10_0 .net "req", 0 0, o0000012cb9428048;  0 drivers
o0000012cb9428078 .functor BUFZ 1, C4<z>; HiZ drive
v0000012cb93f2fb0_0 .net "rst", 0 0, o0000012cb9428078;  0 drivers
E_0000012cb94198f0 .event posedge, v0000012cb93f2fb0_0, v0000012cb93f2f10_0;
    .scope S_0000012cb93f2ce0;
T_0 ;
    %pushi/vec4 0, 0, 8;
    %store/vec4 v0000012cb93dbd70_0, 0, 8;
    %end;
    .thread T_0;
    .scope S_0000012cb93f2ce0;
T_1 ;
    %pushi/vec4 139, 0, 8;
    %ix/load 4, 0, 0;
    %flag_set/imm 4, 0;
    %store/vec4a v0000012cb93f3320, 4, 0;
    %pushi/vec4 140, 0, 8;
    %ix/load 4, 1, 0;
    %flag_set/imm 4, 0;
    %store/vec4a v0000012cb93f3320, 4, 0;
    %pushi/vec4 153, 0, 8;
    %ix/load 4, 2, 0;
    %flag_set/imm 4, 0;
    %store/vec4a v0000012cb93f3320, 4, 0;
    %pushi/vec4 155, 0, 8;
    %ix/load 4, 3, 0;
    %flag_set/imm 4, 0;
    %store/vec4a v0000012cb93f3320, 4, 0;
    %pushi/vec4 147, 0, 8;
    %ix/load 4, 4, 0;
    %flag_set/imm 4, 0;
    %store/vec4a v0000012cb93f3320, 4, 0;
    %pushi/vec4 130, 0, 8;
    %ix/load 4, 5, 0;
    %flag_set/imm 4, 0;
    %store/vec4a v0000012cb93f3320, 4, 0;
    %pushi/vec4 151, 0, 8;
    %ix/load 4, 6, 0;
    %flag_set/imm 4, 0;
    %store/vec4a v0000012cb93f3320, 4, 0;
    %pushi/vec4 144, 0, 8;
    %ix/load 4, 7, 0;
    %flag_set/imm 4, 0;
    %store/vec4a v0000012cb93f3320, 4, 0;
    %pushi/vec4 159, 0, 8;
    %ix/load 4, 8, 0;
    %flag_set/imm 4, 0;
    %store/vec4a v0000012cb93f3320, 4, 0;
    %pushi/vec4 215, 0, 8;
    %ix/load 4, 9, 0;
    %flag_set/imm 4, 0;
    %store/vec4a v0000012cb93f3320, 4, 0;
    %pushi/vec4 141, 0, 8;
    %ix/load 4, 10, 0;
    %flag_set/imm 4, 0;
    %store/vec4a v0000012cb93f3320, 4, 0;
    %pushi/vec4 156, 0, 8;
    %ix/load 4, 11, 0;
    %flag_set/imm 4, 0;
    %store/vec4a v0000012cb93f3320, 4, 0;
    %pushi/vec4 133, 0, 8;
    %ix/load 4, 12, 0;
    %flag_set/imm 4, 0;
    %store/vec4a v0000012cb93f3320, 4, 0;
    %pushi/vec4 138, 0, 8;
    %ix/load 4, 13, 0;
    %flag_set/imm 4, 0;
    %store/vec4a v0000012cb93f3320, 4, 0;
    %pushi/vec4 145, 0, 8;
    %ix/load 4, 14, 0;
    %flag_set/imm 4, 0;
    %store/vec4a v0000012cb93f3320, 4, 0;
    %pushi/vec4 140, 0, 8;
    %ix/load 4, 15, 0;
    %flag_set/imm 4, 0;
    %store/vec4a v0000012cb93f3320, 4, 0;
    %end;
    .thread T_1;
    .scope S_0000012cb93f2ce0;
T_2 ;
    %wait E_0000012cb94198f0;
    %load/vec4 v0000012cb93f2fb0_0;
    %flag_set/vec4 8;
    %jmp/0xz  T_2.0, 8;
    %pushi/vec4 0, 0, 1;
    %assign/vec4 v0000012cb93f2e70_0, 0;
    %pushi/vec4 0, 0, 8;
    %assign/vec4 v0000012cb93dbcd0_0, 0;
    %pushi/vec4 0, 0, 8;
    %assign/vec4 v0000012cb93dbd70_0, 0;
    %jmp T_2.1;
T_2.0 ;
    %load/vec4 v0000012cb93f2f10_0;
    %flag_set/vec4 8;
    %jmp/0xz  T_2.2, 8;
    %load/vec4 v0000012cb93dbd70_0;
    %pad/u 32;
    %pushi/vec4 16, 0, 32;
    %mod;
    %ix/vec4 4;
    %load/vec4a v0000012cb93f3320, 4;
    %assign/vec4 v0000012cb93dbcd0_0, 0;
    %load/vec4 v0000012cb93dbd70_0;
    %addi 1, 0, 8;
    %assign/vec4 v0000012cb93dbd70_0, 0;
    %pushi/vec4 1, 0, 1;
    %assign/vec4 v0000012cb93f2e70_0, 0;
    %jmp T_2.3;
T_2.2 ;
    %pushi/vec4 0, 0, 1;
    %assign/vec4 v0000012cb93f2e70_0, 0;
T_2.3 ;
T_2.1 ;
    %jmp T_2;
    .thread T_2;
# The file index is used to find the file name in the following table.
:file_names 3;
    "N/A";
    "<interactive>";
    "ADC.v";
